<?xml version="1.0" encoding="UTF-8"?>
<!-- Generated by org.testng.reporters.JUnitXMLReporter -->
<testsuite ignored="0" hostname="DESKTOP-D7C4IFU" failures="0" tests="1" name="EME_Regression" time="0.145" errors="0" timestamp="2020-07-02T23:22:57 IST">
  <testcase classname="DevopsInt.EME.EME_homePage" name="@BeforeTest initialise" time="-1.593712377696E9">
    <failure type="org.testng.TestNGException" message="
Can inject only one of &amp;lt;ITestContext, XmlTest&amp;gt; into a @BeforeTest annotated initialise.
For more information on native dependency injection please refer to http://testng.org/doc/documentation-main.html#native-dependency-injection">
      <![CDATA[org.testng.TestNGException: 
Can inject only one of <ITestContext, XmlTest> into a @BeforeTest annotated initialise.
For more information on native dependency injection please refer to http://testng.org/doc/documentation-main.html#native-dependency-injection
... Removed 21 stack frames]]>
    </failure>
  </testcase> <!-- @BeforeTest initialise -->
  <testcase classname="DevopsInt.EME.EME_homePage_1" name="@BeforeTest initialise" time="-1.593712377728E9">
    <skipped/>
  </testcase> <!-- @BeforeTest initialise -->
  <testcase classname="DevopsInt.EME.EME_homePage" name="@AfterTest teardown" time="-1.593712377826E9">
    <skipped/>
  </testcase> <!-- @AfterTest teardown -->
  <testcase classname="DevopsInt.EME.EME_homePage" name="pageChecks" time="0.0">
    <skipped/>
  </testcase> <!-- pageChecks -->
</testsuite> <!-- EME_Regression -->
