<?xml version="1.0" encoding="UTF-8"?>
<testng-results ignored="0" total="1" passed="1" failed="0" skipped="0">
  <reporter-output>
  </reporter-output>
  <suite started-at="2020-10-09T00:22:00 IST" name="Suite" finished-at="2020-10-09T00:22:21 IST" duration-ms="20944">
    <groups>
      <group name="cucumber">
        <method signature="AbstractTestNGCucumberTests.feature(cucumber.api.testng.CucumberFeatureWrapper)[pri:0, instance:EMERunners.TestRunners@503f91c3]" name="feature" class="cucumber.api.testng.AbstractTestNGCucumberTests"/>
      </group> <!-- cucumber -->
    </groups>
    <test started-at="2020-10-09T00:22:00 IST" name="Test-2" finished-at="2020-10-09T00:22:21 IST" duration-ms="20944">
      <class name="EMERunners.TestRunners">
        <test-method is-config="true" signature="setUpClass()[pri:0, instance:EMERunners.TestRunners@503f91c3]" started-at="2020-10-09T00:22:00 IST" name="setUpClass" finished-at="2020-10-09T00:22:00 IST" duration-ms="784" status="PASS">
          <reporter-output>
          </reporter-output>
        </test-method> <!-- setUpClass -->
        <test-method signature="feature(cucumber.api.testng.CucumberFeatureWrapper)[pri:0, instance:EMERunners.TestRunners@503f91c3]" started-at="2020-10-09T00:22:01 IST" name="feature" description="Runs Cucumber Feature" data-provider="features" finished-at="2020-10-09T00:22:21 IST" duration-ms="19851" status="PASS">
          <params>
            <param index="0">
              <value>
                <![CDATA[EME Application homepage checks.]]>
              </value>
            </param>
          </params>
          <reporter-output>
          </reporter-output>
        </test-method> <!-- feature -->
        <test-method is-config="true" signature="tearDownClass()[pri:0, instance:EMERunners.TestRunners@503f91c3]" started-at="2020-10-09T00:22:21 IST" name="tearDownClass" finished-at="2020-10-09T00:22:21 IST" duration-ms="5" status="PASS">
          <reporter-output>
          </reporter-output>
        </test-method> <!-- tearDownClass -->
      </class> <!-- EMERunners.TestRunners -->
    </test> <!-- Test-2 -->
  </suite> <!-- Suite -->
</testng-results>
